<?xml version="1.0" encoding="UTF-8"?>
<testsuite name="SolutionTest" tests="2" skipped="0" failures="0" errors="0" timestamp="2022-06-24T14:39:30" hostname="yuanyu-ubuntu" time="0.034">
  <properties/>
  <testcase name="swimInWaterExample1()" classname="SolutionTest" time="0.031"/>
  <testcase name="swimInWaterExample2()" classname="SolutionTest" time="0.002"/>
  <system-out><![CDATA[]]></system-out>
  <system-err><![CDATA[]]></system-err>
</testsuite>
